<?xml version="1.0" encoding="UTF-8"?>
<testsuites name="Test 1" time="45.035" tests="1" failures="0" errors="0">
   <testsuite name="Test 1" tests="1" failures="0" errors="0" time="45.035" skipped="0" timestamp="07-09-2024T16:28:51" hostname="Majoo - host.docker.internal" id="Test Suites/Test 1">
      <properties>
         <property name="deviceName" value=""/>
         <property name="devicePlatform"/>
         <property name="logFolder" value="C:\\Users\\Majoo\\git\\login-facebook\\login-facebook\\Reports\\20240907_162841\\Test 1\\20240907_162841"/>
         <property name="logFiles" value="C:\\Users\\Majoo\\git\\login-facebook\\login-facebook\\Reports\\20240907_162841\\Test 1\\20240907_162841\\execution0.log"/>
         <property name="attachments" value=""/>
         <property name="hostName" value="Majoo - host.docker.internal"/>
         <property name="os" value="Windows 10 64bit"/>
         <property name="katalonVersion" value="9.5.0.217"/>
         <property name="browser" value="Chrome 128.0.0.0"/>
         <property name="hostAddress" value="192.168.100.26"/>
         <property name="sessionId" value="f3cab2ea9cc10e70eab70c7500dd869f"/>
         <property name="seleniumVersion" value="3.141.59"/>
         <property name="proxyInformation" value="ProxyInformation { proxyOption=NO_PROXY, proxyServerType=HTTP, username=, password=********, proxyServerAddress=, proxyServerPort=0, executionList=&quot;&quot;, isApplyToDesiredCapabilities=true }"/>
         <property name="platform" value="Windows 10"/>
      </properties>
      <testcase name="Test Cases/Test katalon web" time="43.157" classname="Test Cases/Test katalon web" status="PASSED">
         <system-out><![CDATA[07-09-2024T16:28:53 - [TEST_CASE][PASSED] - Test Cases/Test katalon web: Test Cases/Test katalon web

07-09-2024T16:28:55 - [TEST_STEP][PASSED] - openBrowser(""): Browser is opened with url: ''

07-09-2024T16:28:56 - [MESSAGE][INFO] - Starting 'Chrome' driver

07-09-2024T16:28:56 - [MESSAGE][INFO] - Action delay is set to 0 milliseconds

07-09-2024T16:29:01 - [MESSAGE][PASSED] - Browser is opened with url: ''

07-09-2024T16:29:01 - [TEST_STEP][PASSED] - navigateToUrl("https://katalon-demo-cura.herokuapp.com/"): Navigate to 'https://katalon-demo-cura.herokuapp.com/' successfully

07-09-2024T16:29:04 - [MESSAGE][PASSED] - Navigate to 'https://katalon-demo-cura.herokuapp.com/' successfully

07-09-2024T16:29:04 - [TEST_STEP][PASSED] - click(findTestObject("Object Repository/Page_CURA Healthcare Service/a_CURA Healthcare_menu-toggle")): Object: 'Object Repository/Page_CURA Healthcare Service/a_CURA Healthcare_menu-toggle' is clicked on

07-09-2024T16:29:04 - [MESSAGE][PASSED] - Object: 'Object Repository/Page_CURA Healthcare Service/a_CURA Healthcare_menu-toggle' is clicked on

07-09-2024T16:29:04 - [TEST_STEP][PASSED] - click(findTestObject("Object Repository/Page_CURA Healthcare Service/a_Login")): Object: 'Object Repository/Page_CURA Healthcare Service/a_Login' is clicked on

07-09-2024T16:29:06 - [MESSAGE][PASSED] - Object: 'Object Repository/Page_CURA Healthcare Service/a_Login' is clicked on

07-09-2024T16:29:06 - [TEST_STEP][PASSED] - click(findTestObject("Object Repository/Page_CURA Healthcare Service/input_Username_username")): Object: 'Object Repository/Page_CURA Healthcare Service/input_Username_username' is clicked on

07-09-2024T16:29:07 - [MESSAGE][PASSED] - Object: 'Object Repository/Page_CURA Healthcare Service/input_Username_username' is clicked on

07-09-2024T16:29:07 - [TEST_STEP][PASSED] - doubleClick(findTestObject("Object Repository/Page_CURA Healthcare Service/input_Demo account_form-control")): Object: 'Object Repository/Page_CURA Healthcare Service/input_Demo account_form-control' is double clicked on

07-09-2024T16:29:07 - [MESSAGE][PASSED] - Object: 'Object Repository/Page_CURA Healthcare Service/input_Demo account_form-control' is double clicked on

07-09-2024T16:29:07 - [TEST_STEP][PASSED] - click(findTestObject("Object Repository/Page_CURA Healthcare Service/input_Demo account_form-control")): Object: 'Object Repository/Page_CURA Healthcare Service/input_Demo account_form-control' is clicked on

07-09-2024T16:29:08 - [MESSAGE][PASSED] - Object: 'Object Repository/Page_CURA Healthcare Service/input_Demo account_form-control' is clicked on

07-09-2024T16:29:08 - [TEST_STEP][PASSED] - click(findTestObject("Object Repository/Page_CURA Healthcare Service/input_Demo account_form-control")): Object: 'Object Repository/Page_CURA Healthcare Service/input_Demo account_form-control' is clicked on

07-09-2024T16:29:08 - [MESSAGE][PASSED] - Object: 'Object Repository/Page_CURA Healthcare Service/input_Demo account_form-control' is clicked on

07-09-2024T16:29:08 - [TEST_STEP][PASSED] - setText(findTestObject("Object Repository/Page_CURA Healthcare Service/input_Username_username"), "jondoe"): Text 'jondoe' is set on object 'Object Repository/Page_CURA Healthcare Service/input_Username_username'

07-09-2024T16:29:09 - [MESSAGE][PASSED] - Text 'jondoe' is set on object 'Object Repository/Page_CURA Healthcare Service/input_Username_username'

07-09-2024T16:29:09 - [TEST_STEP][PASSED] - setEncryptedText(findTestObject("Object Repository/Page_CURA Healthcare Service/input_Password_password"), "g3/DOGG74jC3Flrr3yH+3D/yKbOqqUNM"): Text ****** has been set on object 'Object Repository/Page_CURA Healthcare Service/input_Password_password'

07-09-2024T16:29:10 - [MESSAGE][PASSED] - Text ****** has been set on object 'Object Repository/Page_CURA Healthcare Service/input_Password_password'

07-09-2024T16:29:10 - [TEST_STEP][PASSED] - click(findTestObject("Object Repository/Page_CURA Healthcare Service/button_Login")): Object: 'Object Repository/Page_CURA Healthcare Service/button_Login' is clicked on

07-09-2024T16:29:14 - [MESSAGE][PASSED] - Object: 'Object Repository/Page_CURA Healthcare Service/button_Login' is clicked on

07-09-2024T16:29:14 - [TEST_STEP][PASSED] - doubleClick(findTestObject("Object Repository/Page_CURA Healthcare Service/input_Demo account_form-control_1")): Object: 'Object Repository/Page_CURA Healthcare Service/input_Demo account_form-control_1' is double clicked on

07-09-2024T16:29:15 - [MESSAGE][PASSED] - Object: 'Object Repository/Page_CURA Healthcare Service/input_Demo account_form-control_1' is double clicked on

07-09-2024T16:29:15 - [TEST_STEP][PASSED] - click(findTestObject("Object Repository/Page_CURA Healthcare Service/form_Demo account                          _b80bac")): Object: 'Object Repository/Page_CURA Healthcare Service/form_Demo account                          _b80bac' is clicked on

07-09-2024T16:29:16 - [MESSAGE][PASSED] - Object: 'Object Repository/Page_CURA Healthcare Service/form_Demo account                          _b80bac' is clicked on

07-09-2024T16:29:16 - [TEST_STEP][PASSED] - setEncryptedText(findTestObject("Object Repository/Page_CURA Healthcare Service/input_Password_password"), "g3/DOGG74jC3Flrr3yH+3D/yKbOqqUNM"): Text ****** has been set on object 'Object Repository/Page_CURA Healthcare Service/input_Password_password'

07-09-2024T16:29:16 - [MESSAGE][PASSED] - Text ****** has been set on object 'Object Repository/Page_CURA Healthcare Service/input_Password_password'

07-09-2024T16:29:16 - [TEST_STEP][PASSED] - setText(findTestObject("Object Repository/Page_CURA Healthcare Service/input_Username_username"), "John Doe"): Text 'John Doe' is set on object 'Object Repository/Page_CURA Healthcare Service/input_Username_username'

07-09-2024T16:29:17 - [MESSAGE][PASSED] - Text 'John Doe' is set on object 'Object Repository/Page_CURA Healthcare Service/input_Username_username'

07-09-2024T16:29:17 - [TEST_STEP][PASSED] - click(findTestObject("Object Repository/Page_CURA Healthcare Service/button_Login")): Object: 'Object Repository/Page_CURA Healthcare Service/button_Login' is clicked on

07-09-2024T16:29:24 - [MESSAGE][PASSED] - Object: 'Object Repository/Page_CURA Healthcare Service/button_Login' is clicked on

07-09-2024T16:29:24 - [TEST_STEP][PASSED] - click(findTestObject("Object Repository/Page_CURA Healthcare Service/input_Apply for hospital readmission_hospit_63901f")): Object: 'Object Repository/Page_CURA Healthcare Service/input_Apply for hospital readmission_hospit_63901f' is clicked on

07-09-2024T16:29:25 - [MESSAGE][PASSED] - Object: 'Object Repository/Page_CURA Healthcare Service/input_Apply for hospital readmission_hospit_63901f' is clicked on

07-09-2024T16:29:25 - [TEST_STEP][PASSED] - click(findTestObject("Object Repository/Page_CURA Healthcare Service/input_Visit Date (Required)_visit_date")): Object: 'Object Repository/Page_CURA Healthcare Service/input_Visit Date (Required)_visit_date' is clicked on

07-09-2024T16:29:27 - [MESSAGE][PASSED] - Object: 'Object Repository/Page_CURA Healthcare Service/input_Visit Date (Required)_visit_date' is clicked on

07-09-2024T16:29:27 - [TEST_STEP][PASSED] - click(findTestObject("Object Repository/Page_CURA Healthcare Service/td_17")): Object: 'Object Repository/Page_CURA Healthcare Service/td_17' is clicked on

07-09-2024T16:29:28 - [MESSAGE][PASSED] - Object: 'Object Repository/Page_CURA Healthcare Service/td_17' is clicked on

07-09-2024T16:29:28 - [TEST_STEP][PASSED] - setText(findTestObject("Object Repository/Page_CURA Healthcare Service/textarea_Comment_comment"), "testing dari renda"): Text 'testing dari renda' is set on object 'Object Repository/Page_CURA Healthcare Service/textarea_Comment_comment'

07-09-2024T16:29:29 - [MESSAGE][PASSED] - Text 'testing dari renda' is set on object 'Object Repository/Page_CURA Healthcare Service/textarea_Comment_comment'

07-09-2024T16:29:29 - [TEST_STEP][PASSED] - click(findTestObject("Object Repository/Page_CURA Healthcare Service/button_Book Appointment")): Object: 'Object Repository/Page_CURA Healthcare Service/button_Book Appointment' is clicked on

07-09-2024T16:29:32 - [MESSAGE][PASSED] - Object: 'Object Repository/Page_CURA Healthcare Service/button_Book Appointment' is clicked on

07-09-2024T16:29:32 - [TEST_STEP][PASSED] - click(findTestObject("Object Repository/Page_CURA Healthcare Service/a_Go to Homepage")): Object: 'Object Repository/Page_CURA Healthcare Service/a_Go to Homepage' is clicked on

07-09-2024T16:29:35 - [MESSAGE][PASSED] - Object: 'Object Repository/Page_CURA Healthcare Service/a_Go to Homepage' is clicked on

07-09-2024T16:29:35 - [TEST_STEP][PASSED] - closeBrowser(): Browser is closed

07-09-2024T16:29:36 - [MESSAGE][PASSED] - Browser is closed]]></system-out>
         <system-err><![CDATA[]]></system-err>
      </testcase>
      <system-out><![CDATA[07-09-2024T16:28:51 - [TEST_SUITE][PASSED] - Test 1: Test Cases/Test katalon web]]></system-out>
      <system-err><![CDATA[]]></system-err>
   </testsuite>
</testsuites>
