<?xml version="1.0" encoding="UTF-8"?>
<testsuites name="Test 1" time="58.268" tests="3" failures="0" errors="0">
   <testsuite name="Test 1" tests="3" failures="0" errors="0" time="58.268" skipped="0" timestamp="08-09-2024T16:17:54" hostname="Majoo - host.docker.internal" id="Test Suites/Test 1">
      <properties>
         <property name="deviceName" value=""/>
         <property name="devicePlatform"/>
         <property name="logFolder" value="C:\\Users\\Majoo\\OneDrive\\Documents\\rnd\\Katalon\\login-facebook\\Reports\\20240908_161746\\Test 1\\20240908_161746"/>
         <property name="logFiles" value="C:\\Users\\Majoo\\OneDrive\\Documents\\rnd\\Katalon\\login-facebook\\Reports\\20240908_161746\\Test 1\\20240908_161746\\execution0.log"/>
         <property name="attachments" value=""/>
         <property name="hostName" value="Majoo - host.docker.internal"/>
         <property name="os" value="Windows 10 64bit"/>
         <property name="katalonVersion" value="9.5.0.217"/>
         <property name="browser" value="Chrome 128.0.0.0"/>
         <property name="hostAddress" value="192.168.100.26"/>
         <property name="sessionId" value="2b729d32f8d264ac66f8033673470882"/>
         <property name="seleniumVersion" value="3.141.59"/>
         <property name="proxyInformation" value="ProxyInformation { proxyOption=NO_PROXY, proxyServerType=HTTP, username=, password=********, proxyServerAddress=, proxyServerPort=0, executionList=&quot;&quot;, isApplyToDesiredCapabilities=true }"/>
         <property name="platform" value="Windows 10"/>
      </properties>
      <testcase name="Test Cases/Login Success" time="18.744" classname="Test Cases/Login Success" status="PASSED">
         <system-out><![CDATA[08-09-2024T16:17:55 - [TEST_CASE][PASSED] - Test Cases/Login Success: Test Cases/Login Success

08-09-2024T16:17:55 - [TEST_STEP][PASSED] - openBrowser(""): Browser is opened with url: ''

08-09-2024T16:17:56 - [MESSAGE][INFO] - Starting 'Chrome' driver

08-09-2024T16:17:56 - [MESSAGE][INFO] - Action delay is set to 0 milliseconds

08-09-2024T16:17:59 - [MESSAGE][PASSED] - Browser is opened with url: ''

08-09-2024T16:17:59 - [TEST_STEP][PASSED] - navigateToUrl("https://www.facebook.com/"): Navigate to 'https://www.facebook.com/' successfully

08-09-2024T16:18:00 - [MESSAGE][PASSED] - Navigate to 'https://www.facebook.com/' successfully

08-09-2024T16:18:00 - [TEST_STEP][PASSED] - setText(findTestObject("Object Repository/Page_Facebook  log in or sign up/input_Facebook helps you connect and share _ccef60"), "renda.45"): Text 'renda.45' is set on object 'Object Repository/Page_Facebook  log in or sign up/input_Facebook helps you connect and share _ccef60'

08-09-2024T16:18:01 - [MESSAGE][PASSED] - Text 'renda.45' is set on object 'Object Repository/Page_Facebook  log in or sign up/input_Facebook helps you connect and share _ccef60'

08-09-2024T16:18:01 - [TEST_STEP][PASSED] - setEncryptedText(findTestObject("Object Repository/Page_Facebook  log in or sign up/input_Facebook helps you connect and share _ab63fc"), "dnw+wiG3bdMMTymBo4QNrg=="): Text ****** has been set on object 'Object Repository/Page_Facebook  log in or sign up/input_Facebook helps you connect and share _ab63fc'

08-09-2024T16:18:02 - [MESSAGE][PASSED] - Text ****** has been set on object 'Object Repository/Page_Facebook  log in or sign up/input_Facebook helps you connect and share _ab63fc'

08-09-2024T16:18:02 - [TEST_STEP][PASSED] - sendKeys(findTestObject("Object Repository/Page_Facebook  log in or sign up/input_Facebook helps you connect and share _ab63fc"), Keys.chord(ENTER)): Keys 'ENTER + ' sent to object: 'Object Repository/Page_Facebook  log in or sign up/input_Facebook helps you connect and share _ab63fc'

08-09-2024T16:18:02 - [MESSAGE][PASSED] - Keys 'ENTER + ' sent to object: 'Object Repository/Page_Facebook  log in or sign up/input_Facebook helps you connect and share _ab63fc'

08-09-2024T16:18:02 - [TEST_STEP][PASSED] - delay(10): Delayed 10 second(s)

08-09-2024T16:18:13 - [MESSAGE][PASSED] - Delayed 10 second(s)

08-09-2024T16:18:13 - [TEST_STEP][PASSED] - closeBrowser(): Browser is closed

08-09-2024T16:18:13 - [MESSAGE][PASSED] - Browser is closed]]></system-out>
         <system-err><![CDATA[]]></system-err>
      </testcase>
      <testcase name="Test Cases/Login Wrong Password" time="16.301" classname="Test Cases/Login Wrong Password" status="PASSED">
         <system-out><![CDATA[08-09-2024T16:18:13 - [TEST_CASE][PASSED] - Test Cases/Login Wrong Password: Test Cases/Login Wrong Password

08-09-2024T16:18:14 - [TEST_STEP][PASSED] - openBrowser(""): Browser is opened with url: ''

08-09-2024T16:18:14 - [MESSAGE][INFO] - Starting 'Chrome' driver

08-09-2024T16:18:14 - [MESSAGE][INFO] - Action delay is set to 0 milliseconds

08-09-2024T16:18:15 - [MESSAGE][PASSED] - Browser is opened with url: ''

08-09-2024T16:18:15 - [TEST_STEP][PASSED] - navigateToUrl("https://www.facebook.com/"): Navigate to 'https://www.facebook.com/' successfully

08-09-2024T16:18:17 - [MESSAGE][PASSED] - Navigate to 'https://www.facebook.com/' successfully

08-09-2024T16:18:17 - [TEST_STEP][PASSED] - setText(findTestObject("Object Repository/Page_Facebook  log in or sign up/input_Facebook helps you connect and share _ccef60"), "renda.45"): Text 'renda.45' is set on object 'Object Repository/Page_Facebook  log in or sign up/input_Facebook helps you connect and share _ccef60'

08-09-2024T16:18:18 - [MESSAGE][PASSED] - Text 'renda.45' is set on object 'Object Repository/Page_Facebook  log in or sign up/input_Facebook helps you connect and share _ccef60'

08-09-2024T16:18:18 - [TEST_STEP][PASSED] - setEncryptedText(findTestObject("Object Repository/Page_Facebook  log in or sign up/input_Facebook helps you connect and share _ab63fc"), "YAQyFVBv5D4i75tKsezvKQ=="): Text ****** has been set on object 'Object Repository/Page_Facebook  log in or sign up/input_Facebook helps you connect and share _ab63fc'

08-09-2024T16:18:18 - [MESSAGE][PASSED] - Text ****** has been set on object 'Object Repository/Page_Facebook  log in or sign up/input_Facebook helps you connect and share _ab63fc'

08-09-2024T16:18:18 - [TEST_STEP][PASSED] - sendKeys(findTestObject("Object Repository/Page_Facebook  log in or sign up/input_Facebook helps you connect and share _ab63fc"), Keys.chord(ENTER)): Keys 'ENTER + ' sent to object: 'Object Repository/Page_Facebook  log in or sign up/input_Facebook helps you connect and share _ab63fc'

08-09-2024T16:18:19 - [MESSAGE][PASSED] - Keys 'ENTER + ' sent to object: 'Object Repository/Page_Facebook  log in or sign up/input_Facebook helps you connect and share _ab63fc'

08-09-2024T16:18:19 - [TEST_STEP][PASSED] - delay(5): Delayed 5 second(s)

08-09-2024T16:18:24 - [MESSAGE][PASSED] - Delayed 5 second(s)

08-09-2024T16:18:24 - [TEST_STEP][PASSED] - closeBrowser(): Browser is closed

08-09-2024T16:18:30 - [MESSAGE][PASSED] - Browser is closed]]></system-out>
         <system-err><![CDATA[]]></system-err>
      </testcase>
      <testcase name="Test Cases/Login Wrong Password and Reinput Password" time="22.816" classname="Test Cases/Login Wrong Password and Reinput Password" status="PASSED">
         <system-out><![CDATA[08-09-2024T16:18:30 - [TEST_CASE][PASSED] - Test Cases/Login Wrong Password and Reinput Password: Test Cases/Login Wrong Password and Reinput Password

08-09-2024T16:18:30 - [TEST_STEP][PASSED] - openBrowser(""): Browser is opened with url: ''

08-09-2024T16:18:30 - [MESSAGE][INFO] - Starting 'Chrome' driver

08-09-2024T16:18:30 - [MESSAGE][INFO] - Action delay is set to 0 milliseconds

08-09-2024T16:18:31 - [MESSAGE][PASSED] - Browser is opened with url: ''

08-09-2024T16:18:31 - [TEST_STEP][PASSED] - navigateToUrl("https://www.facebook.com/"): Navigate to 'https://www.facebook.com/' successfully

08-09-2024T16:18:33 - [MESSAGE][PASSED] - Navigate to 'https://www.facebook.com/' successfully

08-09-2024T16:18:33 - [TEST_STEP][PASSED] - setText(findTestObject("Object Repository/Page_Facebook  log in or sign up/input_Facebook helps you connect and share _ccef60"), "renda.45"): Text 'renda.45' is set on object 'Object Repository/Page_Facebook  log in or sign up/input_Facebook helps you connect and share _ccef60'

08-09-2024T16:18:34 - [MESSAGE][PASSED] - Text 'renda.45' is set on object 'Object Repository/Page_Facebook  log in or sign up/input_Facebook helps you connect and share _ccef60'

08-09-2024T16:18:34 - [TEST_STEP][PASSED] - setEncryptedText(findTestObject("Object Repository/Page_Facebook  log in or sign up/input_Facebook helps you connect and share _ab63fc"), "xVYE63AXk1il5E81IzokGA=="): Text ****** has been set on object 'Object Repository/Page_Facebook  log in or sign up/input_Facebook helps you connect and share _ab63fc'

08-09-2024T16:18:34 - [MESSAGE][PASSED] - Text ****** has been set on object 'Object Repository/Page_Facebook  log in or sign up/input_Facebook helps you connect and share _ab63fc'

08-09-2024T16:18:34 - [TEST_STEP][PASSED] - sendKeys(findTestObject("Object Repository/Page_Facebook  log in or sign up/input_Facebook helps you connect and share _ab63fc"), Keys.chord(ENTER)): Keys 'ENTER + ' sent to object: 'Object Repository/Page_Facebook  log in or sign up/input_Facebook helps you connect and share _ab63fc'

08-09-2024T16:18:35 - [MESSAGE][PASSED] - Keys 'ENTER + ' sent to object: 'Object Repository/Page_Facebook  log in or sign up/input_Facebook helps you connect and share _ab63fc'

08-09-2024T16:18:35 - [TEST_STEP][PASSED] - setEncryptedText(findTestObject("Object Repository/Page_Log in to Facebook/input_Not you_pass"), "dnw+wiG3bdMMTymBo4QNrg=="): Text ****** has been set on object 'Object Repository/Page_Log in to Facebook/input_Not you_pass'

08-09-2024T16:18:41 - [MESSAGE][PASSED] - Text ****** has been set on object 'Object Repository/Page_Log in to Facebook/input_Not you_pass'

08-09-2024T16:18:41 - [TEST_STEP][PASSED] - sendKeys(findTestObject("Object Repository/Page_Log in to Facebook/input_Not you_pass"), Keys.chord(ENTER)): Keys 'ENTER + ' sent to object: 'Object Repository/Page_Log in to Facebook/input_Not you_pass'

08-09-2024T16:18:42 - [MESSAGE][PASSED] - Keys 'ENTER + ' sent to object: 'Object Repository/Page_Log in to Facebook/input_Not you_pass'

08-09-2024T16:18:42 - [TEST_STEP][PASSED] - delay(10): Delayed 10 second(s)

08-09-2024T16:18:52 - [MESSAGE][PASSED] - Delayed 10 second(s)

08-09-2024T16:18:52 - [TEST_STEP][PASSED] - closeBrowser(): Browser is closed

08-09-2024T16:18:53 - [MESSAGE][PASSED] - Browser is closed]]></system-out>
         <system-err><![CDATA[]]></system-err>
      </testcase>
      <system-out><![CDATA[08-09-2024T16:17:54 - [TEST_SUITE][PASSED] - Test 1: Test Cases/Login Wrong Password and Reinput Password]]></system-out>
      <system-err><![CDATA[]]></system-err>
   </testsuite>
</testsuites>
